<?xml version="1.0" encoding="UTF-8"?>
<testsuite name="com.phonebook.tests.RemoveContactTest" tests="1" skipped="0" failures="0" errors="0" timestamp="2023-06-29T08:38:13" hostname="DESKTOP-OS617JJ" time="1.551">
  <properties/>
  <testcase name="removeContactTest" classname="com.phonebook.tests.RemoveContactTest" time="1.551"/>
  <system-out><![CDATA[10:38:01.221 [Test worker] INFO  com.phonebook.tests.TestBase -- Start test removeContactTest with data: []
10:38:15.165 [Test worker] INFO  com.phonebook.tests.TestBase -- PASSED removeContactTest
10:38:15.165 [Test worker] INFO  com.phonebook.tests.TestBase -- Stop test
10:38:15.166 [Test worker] INFO  com.phonebook.tests.TestBase -- ===================================================
]]></system-out>
  <system-err><![CDATA[]]></system-err>
</testsuite>
